{
  "uuid": "ef8125eb-6abd-4a92-9e48-ad188e343638",
  "historyId": "d98779ae56fa93f3a0ea2625c41c65d6",
  "testCaseId": "5a1216673013a23f5d9b730c8f5bba6b",
  "fullName": "ASTProject/Features/IncorrectEmail/A user enters incorrect email",
  "labels": [
    {
      "name": "thread",
      "value": "NonParallelWorker"
    },
    {
      "name": "host",
      "value": "KHILT-9772"
    },
    {
      "name": "language",
      "value": "C#"
    },
    {
      "name": "framework",
      "value": "SpecFlow"
    },
    {
      "name": "feature",
      "value": "IncorrectEmail"
    },
    {
      "name": "tag",
      "value": "incorrectEmail"
    }
  ],
  "links": [],
  "name": "A user enters incorrect email",
  "status": "broken",
  "statusDetails": {
    "known": false,
    "muted": false,
    "flaky": false,
    "message": "no such element: Unable to locate element: {\"method\":\"css selector\",\"selector\":\"#invalidemail\"}\n  (Session info: MicrosoftEdge=124.0.2478.97); For documentation on this error, please visit: https://www.selenium.dev/documentation/webdriver/troubleshooting/errors#no-such-element-exception",
    "trace": "OpenQA.Selenium.NoSuchElementException: no such element: Unable to locate element: {\"method\":\"css selector\",\"selector\":\"#invalidemail\"}\n  (Session info: MicrosoftEdge=124.0.2478.97); For documentation on this error, please visit: https://www.selenium.dev/documentation/webdriver/troubleshooting/errors#no-such-element-exception\r\n   at OpenQA.Selenium.WebDriver.UnpackAndThrowOnError(Response errorResponse, String commandToExecute)\r\n   at OpenQA.Selenium.WebDriver.Execute(String driverCommandToExecute, Dictionary`2 parameters)\r\n   at OpenQA.Selenium.WebDriver.FindElement(String mechanism, String value)\r\n   at OpenQA.Selenium.By.<.ctor>b__11_0(ISearchContext context)\r\n   at OpenQA.Selenium.By.FindElement(ISearchContext context)\r\n   at OpenQA.Selenium.WebDriver.FindElement(By by)\r\n   at ASTProject.Pages.Login.InvalidEmail() in D:\\UniWork\\Semester2\\Software Testing\\Project - Copy\\k238054\\Pages\\Login.cs:line 61\r\n   at ASTProject.StepDefinitions.IncorrectEmailStepDefinitions.ThenPromptTheUserAboutIncorrectOrMissingEmail() in D:\\UniWork\\Semester2\\Software Testing\\Project - Copy\\k238054\\StepDefinitions\\IncorrectEmailStepDefinitions.cs:line 28\r\n   at TechTalk.SpecFlow.Bindings.BindingInvoker.InvokeBinding(IBinding binding, IContextManager contextManager, Object[] arguments, ITestTracer testTracer, TimeSpan& duration)\r\n   at Allure.SpecFlowPlugin.AllureBindingInvoker.InvokeBinding(IBinding binding, IContextManager contextManager, Object[] arguments, ITestTracer testTracer, TimeSpan& duration)\r\n   at TechTalk.SpecFlow.Infrastructure.TestExecutionEngine.ExecuteStepMatch(BindingMatch match, Object[] arguments, TimeSpan& duration)\r\n   at TechTalk.SpecFlow.Infrastructure.TestExecutionEngine.ExecuteStep(IContextManager contextManager, StepInstance stepInstance)"
  },
  "stage": "finished",
  "steps": [
    {
      "name": "Given  A user goes to URL",
      "status": "passed",
      "statusDetails": {
        "known": false,
        "muted": false,
        "flaky": false
      },
      "stage": "finished",
      "steps": [],
      "attachments": [],
      "parameters": [],
      "start": 1715737041518,
      "stop": 1715737047239
    },
    {
      "name": "When  user enters incorrect email",
      "status": "passed",
      "statusDetails": {
        "known": false,
        "muted": false,
        "flaky": false
      },
      "stage": "finished",
      "steps": [],
      "attachments": [],
      "parameters": [],
      "start": 1715737047241,
      "stop": 1715737048344
    },
    {
      "name": "Then  prompt the user about incorrect or missing email",
      "status": "broken",
      "statusDetails": {
        "known": false,
        "muted": false,
        "flaky": false,
        "message": "no such element: Unable to locate element: {\"method\":\"css selector\",\"selector\":\"#invalidemail\"}\n  (Session info: MicrosoftEdge=124.0.2478.97); For documentation on this error, please visit: https://www.selenium.dev/documentation/webdriver/troubleshooting/errors#no-such-element-exception",
        "trace": "OpenQA.Selenium.NoSuchElementException: no such element: Unable to locate element: {\"method\":\"css selector\",\"selector\":\"#invalidemail\"}\n  (Session info: MicrosoftEdge=124.0.2478.97); For documentation on this error, please visit: https://www.selenium.dev/documentation/webdriver/troubleshooting/errors#no-such-element-exception\r\n   at OpenQA.Selenium.WebDriver.UnpackAndThrowOnError(Response errorResponse, String commandToExecute)\r\n   at OpenQA.Selenium.WebDriver.Execute(String driverCommandToExecute, Dictionary`2 parameters)\r\n   at OpenQA.Selenium.WebDriver.FindElement(String mechanism, String value)\r\n   at OpenQA.Selenium.By.<.ctor>b__11_0(ISearchContext context)\r\n   at OpenQA.Selenium.By.FindElement(ISearchContext context)\r\n   at OpenQA.Selenium.WebDriver.FindElement(By by)\r\n   at ASTProject.Pages.Login.InvalidEmail() in D:\\UniWork\\Semester2\\Software Testing\\Project - Copy\\k238054\\Pages\\Login.cs:line 61\r\n   at ASTProject.StepDefinitions.IncorrectEmailStepDefinitions.ThenPromptTheUserAboutIncorrectOrMissingEmail() in D:\\UniWork\\Semester2\\Software Testing\\Project - Copy\\k238054\\StepDefinitions\\IncorrectEmailStepDefinitions.cs:line 28\r\n   at TechTalk.SpecFlow.Bindings.BindingInvoker.InvokeBinding(IBinding binding, IContextManager contextManager, Object[] arguments, ITestTracer testTracer, TimeSpan& duration)\r\n   at Allure.SpecFlowPlugin.AllureBindingInvoker.InvokeBinding(IBinding binding, IContextManager contextManager, Object[] arguments, ITestTracer testTracer, TimeSpan& duration)\r\n   at TechTalk.SpecFlow.Infrastructure.TestExecutionEngine.ExecuteStepMatch(BindingMatch match, Object[] arguments, TimeSpan& duration)\r\n   at TechTalk.SpecFlow.Infrastructure.TestExecutionEngine.ExecuteStep(IContextManager contextManager, StepInstance stepInstance)"
      },
      "stage": "finished",
      "steps": [],
      "attachments": [],
      "parameters": [],
      "start": 1715737048345,
      "stop": 1715737048397
    }
  ],
  "attachments": [],
  "parameters": [],
  "start": 1715737041512,
  "stop": 1715737048401
}