{
  "uuid": "60ab89af-d23c-4110-b3ae-505b26e6b430",
  "historyId": "0a5350010dee22577ac660e3c5c62b65",
  "testCaseId": "dd9ec43e893c2894a441c2be2d671c6a",
  "fullName": "ASTProject/Features/Signup/User enters correct credentials to signup and then sign in to account",
  "labels": [
    {
      "name": "thread",
      "value": "NonParallelWorker"
    },
    {
      "name": "host",
      "value": "KHILT-9772"
    },
    {
      "name": "language",
      "value": "C#"
    },
    {
      "name": "framework",
      "value": "SpecFlow"
    },
    {
      "name": "feature",
      "value": "Signup"
    },
    {
      "name": "tag",
      "value": "tag1"
    }
  ],
  "links": [],
  "name": "User enters correct credentials to signup and then sign in to account",
  "status": "broken",
  "statusDetails": {
    "known": false,
    "muted": false,
    "flaky": false,
    "message": "element click intercepted: Element is not clickable at point (736, 962)\n  (Session info: MicrosoftEdge=124.0.2478.97)",
    "trace": "OpenQA.Selenium.ElementClickInterceptedException: element click intercepted: Element is not clickable at point (736, 962)\n  (Session info: MicrosoftEdge=124.0.2478.97)\r\n   at OpenQA.Selenium.WebDriver.UnpackAndThrowOnError(Response errorResponse, String commandToExecute)\r\n   at OpenQA.Selenium.WebDriver.Execute(String driverCommandToExecute, Dictionary`2 parameters)\r\n   at OpenQA.Selenium.WebDriver.InternalExecute(String driverCommandToExecute, Dictionary`2 parameters)\r\n   at OpenQA.Selenium.WebElement.Execute(String commandToExecute, Dictionary`2 parameters)\r\n   at OpenQA.Selenium.WebElement.Click()\r\n   at ASTProject.Pages.Signup.ClickSignup() in D:\\UniWork\\Semester2\\Software Testing\\Project - Copy\\k238054\\Pages\\Signup.cs:line 37\r\n   at ASTProject.StepDefinitions.SignupStepDefinitions.GivenUserPressesSignup() in D:\\UniWork\\Semester2\\Software Testing\\Project - Copy\\k238054\\StepDefinitions\\SignupStepDefinitions.cs:line 62\r\n   at TechTalk.SpecFlow.Bindings.BindingInvoker.InvokeBinding(IBinding binding, IContextManager contextManager, Object[] arguments, ITestTracer testTracer, TimeSpan& duration)\r\n   at Allure.SpecFlowPlugin.AllureBindingInvoker.InvokeBinding(IBinding binding, IContextManager contextManager, Object[] arguments, ITestTracer testTracer, TimeSpan& duration)\r\n   at TechTalk.SpecFlow.Infrastructure.TestExecutionEngine.ExecuteStepMatch(BindingMatch match, Object[] arguments, TimeSpan& duration)\r\n   at TechTalk.SpecFlow.Infrastructure.TestExecutionEngine.ExecuteStep(IContextManager contextManager, StepInstance stepInstance)"
  },
  "stage": "finished",
  "steps": [
    {
      "name": "Given  User goes to signup URL",
      "status": "passed",
      "statusDetails": {
        "known": false,
        "muted": false,
        "flaky": false
      },
      "stage": "finished",
      "steps": [],
      "attachments": [],
      "parameters": [],
      "start": 1715724836734,
      "stop": 1715724843724
    },
    {
      "name": "And  User enters name in correct format",
      "status": "passed",
      "statusDetails": {
        "known": false,
        "muted": false,
        "flaky": false
      },
      "stage": "finished",
      "steps": [],
      "attachments": [],
      "parameters": [],
      "start": 1715724843724,
      "stop": 1715724843836
    },
    {
      "name": "And  User enters email in correct format",
      "status": "passed",
      "statusDetails": {
        "known": false,
        "muted": false,
        "flaky": false
      },
      "stage": "finished",
      "steps": [],
      "attachments": [],
      "parameters": [],
      "start": 1715724843836,
      "stop": 1715724843941
    },
    {
      "name": "And  User enters password in correct format",
      "status": "passed",
      "statusDetails": {
        "known": false,
        "muted": false,
        "flaky": false
      },
      "stage": "finished",
      "steps": [],
      "attachments": [],
      "parameters": [],
      "start": 1715724843941,
      "stop": 1715724844045
    },
    {
      "name": "And  User enters membership type",
      "status": "passed",
      "statusDetails": {
        "known": false,
        "muted": false,
        "flaky": false
      },
      "stage": "finished",
      "steps": [],
      "attachments": [],
      "parameters": [],
      "start": 1715724844045,
      "stop": 1715724844127
    },
    {
      "name": "And  User enters subscription period",
      "status": "passed",
      "statusDetails": {
        "known": false,
        "muted": false,
        "flaky": false
      },
      "stage": "finished",
      "steps": [],
      "attachments": [],
      "parameters": [],
      "start": 1715724844127,
      "stop": 1715724844186
    },
    {
      "name": "And  User presses signup",
      "status": "broken",
      "statusDetails": {
        "known": false,
        "muted": false,
        "flaky": false,
        "message": "element click intercepted: Element is not clickable at point (736, 962)\n  (Session info: MicrosoftEdge=124.0.2478.97)",
        "trace": "OpenQA.Selenium.ElementClickInterceptedException: element click intercepted: Element is not clickable at point (736, 962)\n  (Session info: MicrosoftEdge=124.0.2478.97)\r\n   at OpenQA.Selenium.WebDriver.UnpackAndThrowOnError(Response errorResponse, String commandToExecute)\r\n   at OpenQA.Selenium.WebDriver.Execute(String driverCommandToExecute, Dictionary`2 parameters)\r\n   at OpenQA.Selenium.WebDriver.InternalExecute(String driverCommandToExecute, Dictionary`2 parameters)\r\n   at OpenQA.Selenium.WebElement.Execute(String commandToExecute, Dictionary`2 parameters)\r\n   at OpenQA.Selenium.WebElement.Click()\r\n   at ASTProject.Pages.Signup.ClickSignup() in D:\\UniWork\\Semester2\\Software Testing\\Project - Copy\\k238054\\Pages\\Signup.cs:line 37\r\n   at ASTProject.StepDefinitions.SignupStepDefinitions.GivenUserPressesSignup() in D:\\UniWork\\Semester2\\Software Testing\\Project - Copy\\k238054\\StepDefinitions\\SignupStepDefinitions.cs:line 62\r\n   at TechTalk.SpecFlow.Bindings.BindingInvoker.InvokeBinding(IBinding binding, IContextManager contextManager, Object[] arguments, ITestTracer testTracer, TimeSpan& duration)\r\n   at Allure.SpecFlowPlugin.AllureBindingInvoker.InvokeBinding(IBinding binding, IContextManager contextManager, Object[] arguments, ITestTracer testTracer, TimeSpan& duration)\r\n   at TechTalk.SpecFlow.Infrastructure.TestExecutionEngine.ExecuteStepMatch(BindingMatch match, Object[] arguments, TimeSpan& duration)\r\n   at TechTalk.SpecFlow.Infrastructure.TestExecutionEngine.ExecuteStep(IContextManager contextManager, StepInstance stepInstance)"
      },
      "stage": "finished",
      "steps": [],
      "attachments": [],
      "parameters": [],
      "start": 1715724844186,
      "stop": 1715724845310
    },
    {
      "name": "And  User enters login email",
      "status": "skipped",
      "statusDetails": {
        "known": false,
        "muted": false,
        "flaky": false
      },
      "stage": "finished",
      "steps": [],
      "attachments": [],
      "parameters": [],
      "start": 1715724845310,
      "stop": 1715724845311
    },
    {
      "name": "And  User enters login password",
      "status": "skipped",
      "statusDetails": {
        "known": false,
        "muted": false,
        "flaky": false
      },
      "stage": "finished",
      "steps": [],
      "attachments": [],
      "parameters": [],
      "start": 1715724845316,
      "stop": 1715724845316
    },
    {
      "name": "When  User clicks login",
      "status": "skipped",
      "statusDetails": {
        "known": false,
        "muted": false,
        "flaky": false
      },
      "stage": "finished",
      "steps": [],
      "attachments": [],
      "parameters": [],
      "start": 1715724845316,
      "stop": 1715724845316
    },
    {
      "name": "Then  User should have his/her name",
      "status": "skipped",
      "statusDetails": {
        "known": false,
        "muted": false,
        "flaky": false
      },
      "stage": "finished",
      "steps": [],
      "attachments": [],
      "parameters": [],
      "start": 1715724845316,
      "stop": 1715724845316
    }
  ],
  "attachments": [],
  "parameters": [],
  "start": 1715724836734,
  "stop": 1715724845328
}