{
  "uuid": "02ae4689-5766-44f9-866c-20c1d4c5459a",
  "historyId": "134043a9c3e866810ac777c3517aa84f",
  "testCaseId": "86880bdcd209fe91d7af3b627ce2a099",
  "fullName": "Project/Features/CustomerLoginButton/Customer Login Button is working",
  "labels": [
    {
      "name": "thread",
      "value": "NonParallelWorker"
    },
    {
      "name": "host",
      "value": "KHILT-9772"
    },
    {
      "name": "language",
      "value": "C#"
    },
    {
      "name": "framework",
      "value": "SpecFlow"
    },
    {
      "name": "feature",
      "value": "CustomerLoginButton"
    },
    {
      "name": "tag",
      "value": "customerloginbutton"
    }
  ],
  "links": [],
  "name": "Customer Login Button is working",
  "status": "broken",
  "statusDetails": {
    "known": false,
    "muted": false,
    "flaky": false,
    "message": "javascript error: {\"status\":32,\"value\":\"Unable to locate an element with the xpath expression 1 because of the following error:\\nTypeError: Failed to execute 'evaluate' on 'Document': The result is not a node set, and therefore cannot be converted to the desired type.\"}\n  (Session info: MicrosoftEdge=124.0.2478.97)",
    "trace": "OpenQA.Selenium.JavaScriptException: javascript error: {\"status\":32,\"value\":\"Unable to locate an element with the xpath expression 1 because of the following error:\\nTypeError: Failed to execute 'evaluate' on 'Document': The result is not a node set, and therefore cannot be converted to the desired type.\"}\n  (Session info: MicrosoftEdge=124.0.2478.97)\r\n   at OpenQA.Selenium.WebDriver.UnpackAndThrowOnError(Response errorResponse, String commandToExecute)\r\n   at OpenQA.Selenium.WebDriver.Execute(String driverCommandToExecute, Dictionary`2 parameters)\r\n   at OpenQA.Selenium.WebDriver.FindElement(String mechanism, String value)\r\n   at OpenQA.Selenium.By.<.ctor>b__11_0(ISearchContext context)\r\n   at OpenQA.Selenium.By.FindElement(ISearchContext context)\r\n   at OpenQA.Selenium.WebDriver.FindElement(By by)\r\n   at Project.Pages.FrontPage.ClickCustomerLogin() in D:\\UniWork\\Semester2\\Software Testing\\Project\\k238054\\Pages\\FrontPage.cs:line 17\r\n   at Project.StepDefinitions.CustomerLoginButtonStepDefinitions.WhenUserClicksCustomerLogin() in D:\\UniWork\\Semester2\\Software Testing\\Project\\k238054\\StepDefinitions\\CustomerLoginButtonStepDefinitions.cs:line 23\r\n   at TechTalk.SpecFlow.Bindings.BindingInvoker.InvokeBinding(IBinding binding, IContextManager contextManager, Object[] arguments, ITestTracer testTracer, TimeSpan& duration)\r\n   at Allure.SpecFlowPlugin.AllureBindingInvoker.InvokeBinding(IBinding binding, IContextManager contextManager, Object[] arguments, ITestTracer testTracer, TimeSpan& duration)\r\n   at TechTalk.SpecFlow.Infrastructure.TestExecutionEngine.ExecuteStepMatch(BindingMatch match, Object[] arguments, TimeSpan& duration)\r\n   at TechTalk.SpecFlow.Infrastructure.TestExecutionEngine.ExecuteStep(IContextManager contextManager, StepInstance stepInstance)"
  },
  "stage": "finished",
  "steps": [
    {
      "name": "Given  User opens URL",
      "status": "passed",
      "statusDetails": {
        "known": false,
        "muted": false,
        "flaky": false
      },
      "stage": "finished",
      "steps": [],
      "attachments": [],
      "parameters": [],
      "start": 1715718933098,
      "stop": 1715718939002
    },
    {
      "name": "When  User clicks Customer Login",
      "status": "broken",
      "statusDetails": {
        "known": false,
        "muted": false,
        "flaky": false,
        "message": "javascript error: {\"status\":32,\"value\":\"Unable to locate an element with the xpath expression 1 because of the following error:\\nTypeError: Failed to execute 'evaluate' on 'Document': The result is not a node set, and therefore cannot be converted to the desired type.\"}\n  (Session info: MicrosoftEdge=124.0.2478.97)",
        "trace": "OpenQA.Selenium.JavaScriptException: javascript error: {\"status\":32,\"value\":\"Unable to locate an element with the xpath expression 1 because of the following error:\\nTypeError: Failed to execute 'evaluate' on 'Document': The result is not a node set, and therefore cannot be converted to the desired type.\"}\n  (Session info: MicrosoftEdge=124.0.2478.97)\r\n   at OpenQA.Selenium.WebDriver.UnpackAndThrowOnError(Response errorResponse, String commandToExecute)\r\n   at OpenQA.Selenium.WebDriver.Execute(String driverCommandToExecute, Dictionary`2 parameters)\r\n   at OpenQA.Selenium.WebDriver.FindElement(String mechanism, String value)\r\n   at OpenQA.Selenium.By.<.ctor>b__11_0(ISearchContext context)\r\n   at OpenQA.Selenium.By.FindElement(ISearchContext context)\r\n   at OpenQA.Selenium.WebDriver.FindElement(By by)\r\n   at Project.Pages.FrontPage.ClickCustomerLogin() in D:\\UniWork\\Semester2\\Software Testing\\Project\\k238054\\Pages\\FrontPage.cs:line 17\r\n   at Project.StepDefinitions.CustomerLoginButtonStepDefinitions.WhenUserClicksCustomerLogin() in D:\\UniWork\\Semester2\\Software Testing\\Project\\k238054\\StepDefinitions\\CustomerLoginButtonStepDefinitions.cs:line 23\r\n   at TechTalk.SpecFlow.Bindings.BindingInvoker.InvokeBinding(IBinding binding, IContextManager contextManager, Object[] arguments, ITestTracer testTracer, TimeSpan& duration)\r\n   at Allure.SpecFlowPlugin.AllureBindingInvoker.InvokeBinding(IBinding binding, IContextManager contextManager, Object[] arguments, ITestTracer testTracer, TimeSpan& duration)\r\n   at TechTalk.SpecFlow.Infrastructure.TestExecutionEngine.ExecuteStepMatch(BindingMatch match, Object[] arguments, TimeSpan& duration)\r\n   at TechTalk.SpecFlow.Infrastructure.TestExecutionEngine.ExecuteStep(IContextManager contextManager, StepInstance stepInstance)"
      },
      "stage": "finished",
      "steps": [],
      "attachments": [],
      "parameters": [],
      "start": 1715718939005,
      "stop": 1715718939055
    },
    {
      "name": "Then  User goes to Customer Login",
      "status": "skipped",
      "statusDetails": {
        "known": false,
        "muted": false,
        "flaky": false
      },
      "stage": "finished",
      "steps": [],
      "attachments": [],
      "parameters": [],
      "start": 1715718939055,
      "stop": 1715718939056
    }
  ],
  "attachments": [],
  "parameters": [],
  "start": 1715718933085,
  "stop": 1715718939065
}