{
  "uuid": "f4de5c21-2776-47a9-b4ae-062cc7588a1a",
  "historyId": "0a5350010dee22577ac660e3c5c62b65",
  "testCaseId": "dd9ec43e893c2894a441c2be2d671c6a",
  "fullName": "ASTProject/Features/Signup/User enters correct credentials to signup and then sign in to account",
  "labels": [
    {
      "name": "thread",
      "value": "NonParallelWorker"
    },
    {
      "name": "host",
      "value": "KHILT-9772"
    },
    {
      "name": "language",
      "value": "C#"
    },
    {
      "name": "framework",
      "value": "SpecFlow"
    },
    {
      "name": "feature",
      "value": "Signup"
    },
    {
      "name": "tag",
      "value": "tag1"
    }
  ],
  "links": [],
  "name": "User enters correct credentials to signup and then sign in to account",
  "status": "broken",
  "statusDetails": {
    "known": false,
    "muted": false,
    "flaky": false,
    "message": "Cannot access a disposed object.\r\nObject name: 'System.Net.Http.HttpClient'.",
    "trace": "System.ObjectDisposedException: Cannot access a disposed object.\r\nObject name: 'System.Net.Http.HttpClient'.\r\n   at System.Net.Http.HttpClient.CheckDisposed()\r\n   at System.Net.Http.HttpClient.CheckRequestBeforeSend(HttpRequestMessage request)\r\n   at OpenQA.Selenium.Remote.HttpCommandExecutor.MakeHttpRequest(HttpRequestInfo requestInfo)\r\n   at OpenQA.Selenium.Remote.HttpCommandExecutor.<>c__DisplayClass33_0.<<Execute>b__0>d.MoveNext()\r\n--- End of stack trace from previous location ---\r\n   at OpenQA.Selenium.Remote.HttpCommandExecutor.Execute(Command commandToExecute)\r\n   at OpenQA.Selenium.Remote.DriverServiceCommandExecutor.Execute(Command commandToExecute)\r\n   at OpenQA.Selenium.WebDriver.Execute(String driverCommandToExecute, Dictionary`2 parameters)\r\n   at OpenQA.Selenium.WebDriver.InternalExecute(String driverCommandToExecute, Dictionary`2 parameters)\r\n   at OpenQA.Selenium.Window.Maximize()\r\n   at ASTProject.SeleniumSetup.OpenBrowser() in D:\\UniWork\\Semester2\\Software Testing\\Project - Copy\\k238054\\SeleniumSetup.cs:line 30\r\n   at ASTProject.StepDefinitions.SignupStepDefinitions.GivenUserGoesToSignupURL() in D:\\UniWork\\Semester2\\Software Testing\\Project - Copy\\k238054\\StepDefinitions\\SignupStepDefinitions.cs:line 20\r\n   at TechTalk.SpecFlow.Bindings.BindingInvoker.InvokeBinding(IBinding binding, IContextManager contextManager, Object[] arguments, ITestTracer testTracer, TimeSpan& duration)\r\n   at Allure.SpecFlowPlugin.AllureBindingInvoker.InvokeBinding(IBinding binding, IContextManager contextManager, Object[] arguments, ITestTracer testTracer, TimeSpan& duration)\r\n   at TechTalk.SpecFlow.Infrastructure.TestExecutionEngine.ExecuteStepMatch(BindingMatch match, Object[] arguments, TimeSpan& duration)\r\n   at TechTalk.SpecFlow.Infrastructure.TestExecutionEngine.ExecuteStep(IContextManager contextManager, StepInstance stepInstance)"
  },
  "stage": "finished",
  "steps": [
    {
      "name": "Given  User goes to signup URL",
      "status": "broken",
      "statusDetails": {
        "known": false,
        "muted": false,
        "flaky": false,
        "message": "Cannot access a disposed object.\r\nObject name: 'System.Net.Http.HttpClient'.",
        "trace": "System.ObjectDisposedException: Cannot access a disposed object.\r\nObject name: 'System.Net.Http.HttpClient'.\r\n   at System.Net.Http.HttpClient.CheckDisposed()\r\n   at System.Net.Http.HttpClient.CheckRequestBeforeSend(HttpRequestMessage request)\r\n   at OpenQA.Selenium.Remote.HttpCommandExecutor.MakeHttpRequest(HttpRequestInfo requestInfo)\r\n   at OpenQA.Selenium.Remote.HttpCommandExecutor.<>c__DisplayClass33_0.<<Execute>b__0>d.MoveNext()\r\n--- End of stack trace from previous location ---\r\n   at OpenQA.Selenium.Remote.HttpCommandExecutor.Execute(Command commandToExecute)\r\n   at OpenQA.Selenium.Remote.DriverServiceCommandExecutor.Execute(Command commandToExecute)\r\n   at OpenQA.Selenium.WebDriver.Execute(String driverCommandToExecute, Dictionary`2 parameters)\r\n   at OpenQA.Selenium.WebDriver.InternalExecute(String driverCommandToExecute, Dictionary`2 parameters)\r\n   at OpenQA.Selenium.Window.Maximize()\r\n   at ASTProject.SeleniumSetup.OpenBrowser() in D:\\UniWork\\Semester2\\Software Testing\\Project - Copy\\k238054\\SeleniumSetup.cs:line 30\r\n   at ASTProject.StepDefinitions.SignupStepDefinitions.GivenUserGoesToSignupURL() in D:\\UniWork\\Semester2\\Software Testing\\Project - Copy\\k238054\\StepDefinitions\\SignupStepDefinitions.cs:line 20\r\n   at TechTalk.SpecFlow.Bindings.BindingInvoker.InvokeBinding(IBinding binding, IContextManager contextManager, Object[] arguments, ITestTracer testTracer, TimeSpan& duration)\r\n   at Allure.SpecFlowPlugin.AllureBindingInvoker.InvokeBinding(IBinding binding, IContextManager contextManager, Object[] arguments, ITestTracer testTracer, TimeSpan& duration)\r\n   at TechTalk.SpecFlow.Infrastructure.TestExecutionEngine.ExecuteStepMatch(BindingMatch match, Object[] arguments, TimeSpan& duration)\r\n   at TechTalk.SpecFlow.Infrastructure.TestExecutionEngine.ExecuteStep(IContextManager contextManager, StepInstance stepInstance)"
      },
      "stage": "finished",
      "steps": [],
      "attachments": [],
      "parameters": [],
      "start": 1715724722686,
      "stop": 1715724722728
    },
    {
      "name": "And  User enters name in correct format",
      "status": "skipped",
      "statusDetails": {
        "known": false,
        "muted": false,
        "flaky": false
      },
      "stage": "finished",
      "steps": [],
      "attachments": [],
      "parameters": [],
      "start": 1715724722728,
      "stop": 1715724722729
    },
    {
      "name": "And  User enters email in correct format",
      "status": "skipped",
      "statusDetails": {
        "known": false,
        "muted": false,
        "flaky": false
      },
      "stage": "finished",
      "steps": [],
      "attachments": [],
      "parameters": [],
      "start": 1715724722730,
      "stop": 1715724722730
    },
    {
      "name": "And  User enters password in correct format",
      "status": "skipped",
      "statusDetails": {
        "known": false,
        "muted": false,
        "flaky": false
      },
      "stage": "finished",
      "steps": [],
      "attachments": [],
      "parameters": [],
      "start": 1715724722730,
      "stop": 1715724722730
    },
    {
      "name": "And  User enters membership type",
      "status": "skipped",
      "statusDetails": {
        "known": false,
        "muted": false,
        "flaky": false
      },
      "stage": "finished",
      "steps": [],
      "attachments": [],
      "parameters": [],
      "start": 1715724722730,
      "stop": 1715724722730
    },
    {
      "name": "And  User enters subscription period",
      "status": "skipped",
      "statusDetails": {
        "known": false,
        "muted": false,
        "flaky": false
      },
      "stage": "finished",
      "steps": [],
      "attachments": [],
      "parameters": [],
      "start": 1715724722730,
      "stop": 1715724722730
    },
    {
      "name": "And  User presses signup",
      "status": "skipped",
      "statusDetails": {
        "known": false,
        "muted": false,
        "flaky": false
      },
      "stage": "finished",
      "steps": [],
      "attachments": [],
      "parameters": [],
      "start": 1715724722730,
      "stop": 1715724722730
    },
    {
      "name": "And  User enters login email",
      "status": "skipped",
      "statusDetails": {
        "known": false,
        "muted": false,
        "flaky": false
      },
      "stage": "finished",
      "steps": [],
      "attachments": [],
      "parameters": [],
      "start": 1715724722730,
      "stop": 1715724722730
    },
    {
      "name": "And  User enters login password",
      "status": "skipped",
      "statusDetails": {
        "known": false,
        "muted": false,
        "flaky": false
      },
      "stage": "finished",
      "steps": [],
      "attachments": [],
      "parameters": [],
      "start": 1715724722730,
      "stop": 1715724722730
    },
    {
      "name": "When  User clicks login",
      "status": "skipped",
      "statusDetails": {
        "known": false,
        "muted": false,
        "flaky": false
      },
      "stage": "finished",
      "steps": [],
      "attachments": [],
      "parameters": [],
      "start": 1715724722730,
      "stop": 1715724722730
    },
    {
      "name": "Then  User should have his/her name",
      "status": "skipped",
      "statusDetails": {
        "known": false,
        "muted": false,
        "flaky": false
      },
      "stage": "finished",
      "steps": [],
      "attachments": [],
      "parameters": [],
      "start": 1715724722730,
      "stop": 1715724722730
    }
  ],
  "attachments": [],
  "parameters": [],
  "start": 1715724722686,
  "stop": 1715724722733
}