{
  "uuid": "1b33bd3d-67e6-4f6f-a518-dd2d4cc47057",
  "historyId": "dbd7adb716bbb88f49a3033649894f8d",
  "testCaseId": "2ad5a74cd91aa2713b6b0aab72d4dc4d",
  "fullName": "ASTProject/Features/ZZZZ-PayFine/User has penalty to pay for overdue books",
  "labels": [
    {
      "name": "thread",
      "value": "16"
    },
    {
      "name": "host",
      "value": "KHILT-9772"
    },
    {
      "name": "language",
      "value": "C#"
    },
    {
      "name": "framework",
      "value": "SpecFlow"
    },
    {
      "name": "feature",
      "value": "ZZZZ-PayFine"
    },
    {
      "name": "tag",
      "value": "finepayment"
    }
  ],
  "links": [],
  "name": "User has penalty to pay for overdue books",
  "status": "broken",
  "statusDetails": {
    "known": false,
    "muted": false,
    "flaky": false,
    "message": "element click intercepted: Element is not clickable at point (851, -150)\n  (Session info: MicrosoftEdge=124.0.2478.97)",
    "trace": "OpenQA.Selenium.ElementClickInterceptedException: element click intercepted: Element is not clickable at point (851, -150)\n  (Session info: MicrosoftEdge=124.0.2478.97)\r\n   at OpenQA.Selenium.WebDriver.UnpackAndThrowOnError(Response errorResponse, String commandToExecute)\r\n   at OpenQA.Selenium.WebDriver.Execute(String driverCommandToExecute, Dictionary`2 parameters)\r\n   at OpenQA.Selenium.WebElement.Click()\r\n   at ASTProject.Pages.FineManagement.VisitFineManagement()\r\n   at ASTProject.StepDefinitions.PayFineWithLesserThan0StepDefinitions.GivenUserVisitsFineManagementPageAgain()\r\n   at TechTalk.SpecFlow.Bindings.BindingInvoker.InvokeBinding(IBinding binding, IContextManager contextManager, Object[] arguments, ITestTracer testTracer, TimeSpan& duration)\r\n   at Allure.SpecFlowPlugin.AllureBindingInvoker.InvokeBinding(IBinding binding, IContextManager contextManager, Object[] arguments, ITestTracer testTracer, TimeSpan& duration)\r\n   at TechTalk.SpecFlow.Infrastructure.TestExecutionEngine.ExecuteStepMatch(BindingMatch match, Object[] arguments, TimeSpan& duration)\r\n   at TechTalk.SpecFlow.Infrastructure.TestExecutionEngine.ExecuteStep(IContextManager contextManager, StepInstance stepInstance)"
  },
  "stage": "finished",
  "steps": [
    {
      "name": "Given  User visits Fine Management Page again",
      "status": "broken",
      "statusDetails": {
        "known": false,
        "muted": false,
        "flaky": false,
        "message": "element click intercepted: Element is not clickable at point (851, -150)\n  (Session info: MicrosoftEdge=124.0.2478.97)",
        "trace": "OpenQA.Selenium.ElementClickInterceptedException: element click intercepted: Element is not clickable at point (851, -150)\n  (Session info: MicrosoftEdge=124.0.2478.97)\r\n   at OpenQA.Selenium.WebDriver.UnpackAndThrowOnError(Response errorResponse, String commandToExecute)\r\n   at OpenQA.Selenium.WebDriver.Execute(String driverCommandToExecute, Dictionary`2 parameters)\r\n   at OpenQA.Selenium.WebElement.Click()\r\n   at ASTProject.Pages.FineManagement.VisitFineManagement()\r\n   at ASTProject.StepDefinitions.PayFineWithLesserThan0StepDefinitions.GivenUserVisitsFineManagementPageAgain()\r\n   at TechTalk.SpecFlow.Bindings.BindingInvoker.InvokeBinding(IBinding binding, IContextManager contextManager, Object[] arguments, ITestTracer testTracer, TimeSpan& duration)\r\n   at Allure.SpecFlowPlugin.AllureBindingInvoker.InvokeBinding(IBinding binding, IContextManager contextManager, Object[] arguments, ITestTracer testTracer, TimeSpan& duration)\r\n   at TechTalk.SpecFlow.Infrastructure.TestExecutionEngine.ExecuteStepMatch(BindingMatch match, Object[] arguments, TimeSpan& duration)\r\n   at TechTalk.SpecFlow.Infrastructure.TestExecutionEngine.ExecuteStep(IContextManager contextManager, StepInstance stepInstance)"
      },
      "stage": "finished",
      "steps": [],
      "attachments": [],
      "parameters": [],
      "start": 1715776135813,
      "stop": 1715776312836
    },
    {
      "name": "And  User Checks Penalty again",
      "status": "skipped",
      "statusDetails": {
        "known": false,
        "muted": false,
        "flaky": false
      },
      "stage": "finished",
      "steps": [],
      "attachments": [],
      "parameters": [],
      "start": 1715776312839,
      "stop": 1715776312860
    },
    {
      "name": "And  User presses Pay penalty if it exists again",
      "status": "skipped",
      "statusDetails": {
        "known": false,
        "muted": false,
        "flaky": false
      },
      "stage": "finished",
      "steps": [],
      "attachments": [],
      "parameters": [],
      "start": 1715776312863,
      "stop": 1715776312863
    },
    {
      "name": "And  User enters dues lesser than 0",
      "status": "skipped",
      "statusDetails": {
        "known": false,
        "muted": false,
        "flaky": false
      },
      "stage": "finished",
      "steps": [],
      "attachments": [],
      "parameters": [],
      "start": 1715776312863,
      "stop": 1715776312863
    },
    {
      "name": "When  User presses Submit Dues again",
      "status": "skipped",
      "statusDetails": {
        "known": false,
        "muted": false,
        "flaky": false
      },
      "stage": "finished",
      "steps": [],
      "attachments": [],
      "parameters": [],
      "start": 1715776312863,
      "stop": 1715776312863
    },
    {
      "name": "Then  prompt the user about lesser than 0 values",
      "status": "skipped",
      "statusDetails": {
        "known": false,
        "muted": false,
        "flaky": false
      },
      "stage": "finished",
      "steps": [],
      "attachments": [],
      "parameters": [],
      "start": 1715776312863,
      "stop": 1715776312863
    }
  ],
  "attachments": [],
  "parameters": [],
  "start": 1715776135813,
  "stop": 1715776314054
}