{
  "uuid": "1fbc2348-5fd4-4b15-b952-d71de1b2f984",
  "historyId": "71a672695ed864543074308b6e9e8b87",
  "testCaseId": "9fe40451de665767a799c3e5369d5429",
  "fullName": "ASTProject/Features/Login/User logging into the LMS",
  "labels": [
    {
      "name": "thread",
      "value": "NonParallelWorker"
    },
    {
      "name": "host",
      "value": "KHILT-9772"
    },
    {
      "name": "language",
      "value": "C#"
    },
    {
      "name": "framework",
      "value": "SpecFlow"
    },
    {
      "name": "feature",
      "value": "Login"
    },
    {
      "name": "tag",
      "value": "login"
    }
  ],
  "links": [],
  "name": "User logging into the LMS",
  "status": "broken",
  "statusDetails": {
    "known": false,
    "muted": false,
    "flaky": false,
    "message": "unexpected alert open: {Alert text : Invalid email or password}\n  (Session info: MicrosoftEdge=124.0.2478.97)",
    "trace": "OpenQA.Selenium.UnhandledAlertException: unexpected alert open: {Alert text : Invalid email or password}\n  (Session info: MicrosoftEdge=124.0.2478.97)\r\n   at OpenQA.Selenium.WebDriver.UnpackAndThrowOnError(Response errorResponse, String commandToExecute)\r\n   at OpenQA.Selenium.WebDriver.Execute(String driverCommandToExecute, Dictionary`2 parameters)\r\n   at OpenQA.Selenium.WebDriver.FindElement(String mechanism, String value)\r\n   at OpenQA.Selenium.By.<.ctor>b__11_0(ISearchContext context)\r\n   at OpenQA.Selenium.By.FindElement(ISearchContext context)\r\n   at OpenQA.Selenium.WebDriver.FindElement(By by)\r\n   at ASTProject.Pages.Login.VerifyLogin() in D:\\UniWork\\Semester2\\Software Testing\\Project - Copy\\k238054\\Pages\\Login.cs:line 43\r\n   at ASTProject.StepDefinitions.LoginStepDefinitions.ThenUserShouldSeeCatalog() in D:\\UniWork\\Semester2\\Software Testing\\Project - Copy\\k238054\\StepDefinitions\\LoginStepDefinitions.cs:line 42\r\n   at TechTalk.SpecFlow.Bindings.BindingInvoker.InvokeBinding(IBinding binding, IContextManager contextManager, Object[] arguments, ITestTracer testTracer, TimeSpan& duration)\r\n   at Allure.SpecFlowPlugin.AllureBindingInvoker.InvokeBinding(IBinding binding, IContextManager contextManager, Object[] arguments, ITestTracer testTracer, TimeSpan& duration)\r\n   at TechTalk.SpecFlow.Infrastructure.TestExecutionEngine.ExecuteStepMatch(BindingMatch match, Object[] arguments, TimeSpan& duration)\r\n   at TechTalk.SpecFlow.Infrastructure.TestExecutionEngine.ExecuteStep(IContextManager contextManager, StepInstance stepInstance)"
  },
  "stage": "finished",
  "steps": [
    {
      "name": "Given  User goes to URL",
      "status": "passed",
      "statusDetails": {
        "known": false,
        "muted": false,
        "flaky": false
      },
      "stage": "finished",
      "steps": [],
      "attachments": [],
      "parameters": [],
      "start": 1715737048441,
      "stop": 1715737048442
    },
    {
      "name": "And  User enters correct email",
      "status": "passed",
      "statusDetails": {
        "known": false,
        "muted": false,
        "flaky": false
      },
      "stage": "finished",
      "steps": [],
      "attachments": [],
      "parameters": [],
      "start": 1715737048442,
      "stop": 1715737049494
    },
    {
      "name": "And  User enters correct password",
      "status": "passed",
      "statusDetails": {
        "known": false,
        "muted": false,
        "flaky": false
      },
      "stage": "finished",
      "steps": [],
      "attachments": [],
      "parameters": [],
      "start": 1715737049494,
      "stop": 1715737049578
    },
    {
      "name": "When  User presses login",
      "status": "passed",
      "statusDetails": {
        "known": false,
        "muted": false,
        "flaky": false
      },
      "stage": "finished",
      "steps": [],
      "attachments": [],
      "parameters": [],
      "start": 1715737049579,
      "stop": 1715737049639
    },
    {
      "name": "Then  User should see Catalog",
      "status": "broken",
      "statusDetails": {
        "known": false,
        "muted": false,
        "flaky": false,
        "message": "unexpected alert open: {Alert text : Invalid email or password}\n  (Session info: MicrosoftEdge=124.0.2478.97)",
        "trace": "OpenQA.Selenium.UnhandledAlertException: unexpected alert open: {Alert text : Invalid email or password}\n  (Session info: MicrosoftEdge=124.0.2478.97)\r\n   at OpenQA.Selenium.WebDriver.UnpackAndThrowOnError(Response errorResponse, String commandToExecute)\r\n   at OpenQA.Selenium.WebDriver.Execute(String driverCommandToExecute, Dictionary`2 parameters)\r\n   at OpenQA.Selenium.WebDriver.FindElement(String mechanism, String value)\r\n   at OpenQA.Selenium.By.<.ctor>b__11_0(ISearchContext context)\r\n   at OpenQA.Selenium.By.FindElement(ISearchContext context)\r\n   at OpenQA.Selenium.WebDriver.FindElement(By by)\r\n   at ASTProject.Pages.Login.VerifyLogin() in D:\\UniWork\\Semester2\\Software Testing\\Project - Copy\\k238054\\Pages\\Login.cs:line 43\r\n   at ASTProject.StepDefinitions.LoginStepDefinitions.ThenUserShouldSeeCatalog() in D:\\UniWork\\Semester2\\Software Testing\\Project - Copy\\k238054\\StepDefinitions\\LoginStepDefinitions.cs:line 42\r\n   at TechTalk.SpecFlow.Bindings.BindingInvoker.InvokeBinding(IBinding binding, IContextManager contextManager, Object[] arguments, ITestTracer testTracer, TimeSpan& duration)\r\n   at Allure.SpecFlowPlugin.AllureBindingInvoker.InvokeBinding(IBinding binding, IContextManager contextManager, Object[] arguments, ITestTracer testTracer, TimeSpan& duration)\r\n   at TechTalk.SpecFlow.Infrastructure.TestExecutionEngine.ExecuteStepMatch(BindingMatch match, Object[] arguments, TimeSpan& duration)\r\n   at TechTalk.SpecFlow.Infrastructure.TestExecutionEngine.ExecuteStep(IContextManager contextManager, StepInstance stepInstance)"
      },
      "stage": "finished",
      "steps": [],
      "attachments": [],
      "parameters": [],
      "start": 1715737049639,
      "stop": 1715737051657
    }
  ],
  "attachments": [],
  "parameters": [],
  "start": 1715737048441,
  "stop": 1715737051658
}